{"/Users/dhardy/Projects/npm/ngx-universal-window/lib/util.ts": {"path":"/Users/dhardy/Projects/npm/ngx-universal-window/lib/util.ts","statementMap":{"0":{"start":{"line":1,"column":0},"end":{"line":1,"column":33}},"1":{"start":{"line":2,"column":0},"end":{"line":2,"column":34}},"2":{"start":{"line":5,"column":21},"end":{"line":5,"column":58}},"3":{"start":{"line":6,"column":16},"end":{"line":6,"column":45}},"4":{"start":{"line":9,"column":5},"end":{"line":9,"column":28}},"5":{"start":{"line":11,"column":5},"end":{"line":11,"column":39}},"6":{"start":{"line":13,"column":5},"end":{"line":13,"column":41}},"7":{"start":{"line":15,"column":5},"end":{"line":15,"column":91}},"8":{"start":{"line":16,"column":5},"end":{"line":16,"column":26}},"9":{"start":{"line":18,"column":5},"end":{"line":18,"column":28}},"10":{"start":{"line":19,"column":5},"end":{"line":19,"column":60}},"11":{"start":{"line":4,"column":0},"end":{"line":4,"column":16}},"12":{"start":{"line":23,"column":18},"end":{"line":26,"column":6}},"13":{"start":{"line":23,"column":25},"end":{"line":26,"column":6}},"14":{"start":{"line":27,"column":4},"end":{"line":27,"column":21}},"15":{"start":{"line":31,"column":4},"end":{"line":31,"column":null}}},"fnMap":{"0":{"name":"applyDomino","decl":{"start":{"line":4,"column":16},"end":{"line":4,"column":27}},"loc":{"start":{"line":4,"column":84},"end":{"line":20,"column":1}}},"1":{"name":"createTransformOptions","decl":{"start":{"line":22,"column":9},"end":{"line":22,"column":31}},"loc":{"start":{"line":22,"column":31},"end":{"line":28,"column":1}}},"2":{"name":"(anonymous_2)","decl":{"start":{"line":23,"column":18},"end":{"line":23,"column":21}},"loc":{"start":{"line":23,"column":25},"end":{"line":26,"column":6}}},"3":{"name":"getMockMutationObserver","decl":{"start":{"line":30,"column":9},"end":{"line":30,"column":32}},"loc":{"start":{"line":30,"column":32},"end":{"line":32,"column":1}}}},"branchMap":{},"s":{"0":1,"1":1,"2":1,"3":1,"4":1,"5":1,"6":1,"7":1,"8":1,"9":1,"10":1,"11":1,"12":1,"13":0,"14":1,"15":1},"f":{"0":1,"1":1,"2":0,"3":1},"b":{}}
}
